{"C:\\xampp\\htdocs\\node\\node-mango\\index.js": {"path":"C:\\xampp\\htdocs\\node\\node-mango\\index.js","statementMap":{"0":{"start":{"line":1,"column":16},"end":{"line":1,"column":34}},"1":{"start":{"line":2,"column":12},"end":{"line":2,"column":21}},"2":{"start":{"line":4,"column":0},"end":{"line":4,"column":31}},"3":{"start":{"line":5,"column":0},"end":{"line":5,"column":34}},"4":{"start":{"line":6,"column":0},"end":{"line":6,"column":33}},"5":{"start":{"line":7,"column":0},"end":{"line":7,"column":21}},"6":{"start":{"line":8,"column":0},"end":{"line":8,"column":30}},"7":{"start":{"line":10,"column":13},"end":{"line":10,"column":37}},"8":{"start":{"line":11,"column":15},"end":{"line":11,"column":82}},"9":{"start":{"line":11,"column":38},"end":{"line":11,"column":81}},"10":{"start":{"line":13,"column":0},"end":{"line":13,"column":24}}},"fnMap":{"0":{"name":"(anonymous_0)","decl":{"start":{"line":11,"column":32},"end":{"line":11,"column":33}},"loc":{"start":{"line":11,"column":38},"end":{"line":11,"column":81}},"line":11}},"branchMap":{"0":{"loc":{"start":{"line":10,"column":13},"end":{"line":10,"column":37}},"type":"binary-expr","locations":[{"start":{"line":10,"column":13},"end":{"line":10,"column":29}},{"start":{"line":10,"column":33},"end":{"line":10,"column":37}}],"line":10}},"s":{"0":2,"1":2,"2":2,"3":2,"4":2,"5":2,"6":2,"7":2,"8":2,"9":2,"10":2},"f":{"0":2},"b":{"0":[2,2]},"_coverageSchema":"43e27e138ebf9cfc5966b082cf9a028302ed4184","hash":"b911a9cb50bcd4eb2c407ee4f0b5cfaa8f3c41ad"}
,"C:\\xampp\\htdocs\\node\\node-mango\\db\\db.js": {"path":"C:\\xampp\\htdocs\\node\\node-mango\\db\\db.js","statementMap":{"0":{"start":{"line":1,"column":17},"end":{"line":1,"column":36}},"1":{"start":{"line":2,"column":15},"end":{"line":2,"column":32}},"2":{"start":{"line":4,"column":21},"end":{"line":7,"column":1}},"3":{"start":{"line":10,"column":21},"end":{"line":12,"column":60}},"4":{"start":{"line":10,"column":27},"end":{"line":12,"column":60}},"5":{"start":{"line":11,"column":16},"end":{"line":11,"column":63}},"6":{"start":{"line":12,"column":16},"end":{"line":12,"column":59}},"7":{"start":{"line":14,"column":0},"end":{"line":14,"column":30}}},"fnMap":{"0":{"name":"(anonymous_0)","decl":{"start":{"line":10,"column":21},"end":{"line":10,"column":22}},"loc":{"start":{"line":10,"column":27},"end":{"line":12,"column":60}},"line":10},"1":{"name":"(anonymous_1)","decl":{"start":{"line":11,"column":10},"end":{"line":11,"column":11}},"loc":{"start":{"line":11,"column":16},"end":{"line":11,"column":63}},"line":11},"2":{"name":"(anonymous_2)","decl":{"start":{"line":12,"column":11},"end":{"line":12,"column":12}},"loc":{"start":{"line":12,"column":16},"end":{"line":12,"column":59}},"line":12}},"branchMap":{},"s":{"0":2,"1":2,"2":2,"3":2,"4":2,"5":2,"6":0,"7":2},"f":{"0":2,"1":2,"2":0},"b":{},"_coverageSchema":"43e27e138ebf9cfc5966b082cf9a028302ed4184","hash":"dc82687cad517824bcaefa90a751e0a074ad0e8f"}
,"C:\\xampp\\htdocs\\node\\node-mango\\db\\hash.js": {"path":"C:\\xampp\\htdocs\\node\\node-mango\\db\\hash.js","statementMap":{"0":{"start":{"line":1,"column":15},"end":{"line":1,"column":32}},"1":{"start":{"line":3,"column":13},"end":{"line":6,"column":1}},"2":{"start":{"line":4,"column":17},"end":{"line":4,"column":41}},"3":{"start":{"line":5,"column":4},"end":{"line":5,"column":40}},"4":{"start":{"line":8,"column":20},"end":{"line":8,"column":78}},"5":{"start":{"line":8,"column":47},"end":{"line":8,"column":78}},"6":{"start":{"line":10,"column":0},"end":{"line":13,"column":2}}},"fnMap":{"0":{"name":"(anonymous_0)","decl":{"start":{"line":3,"column":13},"end":{"line":3,"column":14}},"loc":{"start":{"line":3,"column":29},"end":{"line":6,"column":1}},"line":3},"1":{"name":"(anonymous_1)","decl":{"start":{"line":8,"column":20},"end":{"line":8,"column":21}},"loc":{"start":{"line":8,"column":47},"end":{"line":8,"column":78}},"line":8}},"branchMap":{},"s":{"0":2,"1":2,"2":0,"3":0,"4":2,"5":0,"6":2},"f":{"0":0,"1":0},"b":{},"_coverageSchema":"43e27e138ebf9cfc5966b082cf9a028302ed4184","hash":"7a832c485b26493c282be97d34b3e561e4c29c92"}
,"C:\\xampp\\htdocs\\node\\node-mango\\middleware\\admin.js": {"path":"C:\\xampp\\htdocs\\node\\node-mango\\middleware\\admin.js","statementMap":{"0":{"start":{"line":1,"column":16},"end":{"line":4,"column":1}},"1":{"start":{"line":2,"column":4},"end":{"line":2,"column":73}},"2":{"start":{"line":2,"column":27},"end":{"line":2,"column":73}},"3":{"start":{"line":3,"column":4},"end":{"line":3,"column":11}},"4":{"start":{"line":7,"column":0},"end":{"line":7,"column":25}}},"fnMap":{"0":{"name":"(anonymous_0)","decl":{"start":{"line":1,"column":16},"end":{"line":1,"column":17}},"loc":{"start":{"line":1,"column":36},"end":{"line":4,"column":1}},"line":1}},"branchMap":{"0":{"loc":{"start":{"line":2,"column":4},"end":{"line":2,"column":73}},"type":"if","locations":[{"start":{"line":2,"column":4},"end":{"line":2,"column":73}},{"start":{"line":2,"column":4},"end":{"line":2,"column":73}}],"line":2}},"s":{"0":2,"1":0,"2":0,"3":0,"4":2},"f":{"0":0},"b":{"0":[0,0]},"_coverageSchema":"43e27e138ebf9cfc5966b082cf9a028302ed4184","hash":"74e99311d4528c8a5c2b6ea32d1c685c12a0b65b"}
,"C:\\xampp\\htdocs\\node\\node-mango\\middleware\\auth.js": {"path":"C:\\xampp\\htdocs\\node\\node-mango\\middleware\\auth.js","statementMap":{"0":{"start":{"line":1,"column":12},"end":{"line":1,"column":35}},"1":{"start":{"line":2,"column":15},"end":{"line":2,"column":32}},"2":{"start":{"line":4,"column":20},"end":{"line":14,"column":1}},"3":{"start":{"line":5,"column":16},"end":{"line":5,"column":42}},"4":{"start":{"line":6,"column":2},"end":{"line":6,"column":78}},"5":{"start":{"line":6,"column":14},"end":{"line":6,"column":78}},"6":{"start":{"line":8,"column":2},"end":{"line":13,"column":3}},"7":{"start":{"line":9,"column":6},"end":{"line":9,"column":64}},"8":{"start":{"line":10,"column":6},"end":{"line":10,"column":13}},"9":{"start":{"line":12,"column":6},"end":{"line":12,"column":44}},"10":{"start":{"line":16,"column":0},"end":{"line":16,"column":29}}},"fnMap":{"0":{"name":"(anonymous_0)","decl":{"start":{"line":4,"column":20},"end":{"line":4,"column":21}},"loc":{"start":{"line":4,"column":40},"end":{"line":14,"column":1}},"line":4}},"branchMap":{"0":{"loc":{"start":{"line":6,"column":2},"end":{"line":6,"column":78}},"type":"if","locations":[{"start":{"line":6,"column":2},"end":{"line":6,"column":78}},{"start":{"line":6,"column":2},"end":{"line":6,"column":78}}],"line":6}},"s":{"0":3,"1":3,"2":3,"3":9,"4":9,"5":2,"6":7,"7":7,"8":6,"9":1,"10":3},"f":{"0":9},"b":{"0":[2,7]},"_coverageSchema":"43e27e138ebf9cfc5966b082cf9a028302ed4184","hash":"0074cbaef03565597dcd7000ce1078f3b15ac212"}
,"C:\\xampp\\htdocs\\node\\node-mango\\middleware\\error.js": {"path":"C:\\xampp\\htdocs\\node\\node-mango\\middleware\\error.js","statementMap":{"0":{"start":{"line":2,"column":14},"end":{"line":4,"column":1}},"1":{"start":{"line":3,"column":4},"end":{"line":3,"column":25}},"2":{"start":{"line":6,"column":0},"end":{"line":6,"column":23}}},"fnMap":{"0":{"name":"(anonymous_0)","decl":{"start":{"line":2,"column":14},"end":{"line":2,"column":15}},"loc":{"start":{"line":2,"column":39},"end":{"line":4,"column":1}},"line":2}},"branchMap":{},"s":{"0":2,"1":0,"2":2},"f":{"0":0},"b":{},"_coverageSchema":"43e27e138ebf9cfc5966b082cf9a028302ed4184","hash":"1e739c7f0bbb9c4acb824120adc98c5215414329"}
,"C:\\xampp\\htdocs\\node\\node-mango\\middleware\\validateObjectId.js": {"path":"C:\\xampp\\htdocs\\node\\node-mango\\middleware\\validateObjectId.js","statementMap":{"0":{"start":{"line":1,"column":17},"end":{"line":1,"column":36}},"1":{"start":{"line":2,"column":0},"end":{"line":7,"column":2}},"2":{"start":{"line":3,"column":4},"end":{"line":5,"column":5}},"3":{"start":{"line":4,"column":8},"end":{"line":4,"column":50}},"4":{"start":{"line":6,"column":4},"end":{"line":6,"column":11}}},"fnMap":{"0":{"name":"(anonymous_0)","decl":{"start":{"line":2,"column":17},"end":{"line":2,"column":18}},"loc":{"start":{"line":2,"column":37},"end":{"line":7,"column":1}},"line":2}},"branchMap":{"0":{"loc":{"start":{"line":3,"column":4},"end":{"line":5,"column":5}},"type":"if","locations":[{"start":{"line":3,"column":4},"end":{"line":5,"column":5}},{"start":{"line":3,"column":4},"end":{"line":5,"column":5}}],"line":3}},"s":{"0":2,"1":2,"2":2,"3":1,"4":1},"f":{"0":2},"b":{"0":[1,1]},"_coverageSchema":"43e27e138ebf9cfc5966b082cf9a028302ed4184","hash":"7083bd59e51c9152c5c9e626233aed8a86ea7867"}
,"C:\\xampp\\htdocs\\node\\node-mango\\models\\customers.js": {"path":"C:\\xampp\\htdocs\\node\\node-mango\\models\\customers.js","statementMap":{"0":{"start":{"line":1,"column":17},"end":{"line":1,"column":36}},"1":{"start":{"line":2,"column":12},"end":{"line":2,"column":26}},"2":{"start":{"line":4,"column":23},"end":{"line":19,"column":2}},"3":{"start":{"line":21,"column":18},"end":{"line":21,"column":65}},"4":{"start":{"line":24,"column":22},"end":{"line":28,"column":5}},"5":{"start":{"line":30,"column":4},"end":{"line":30,"column":45}},"6":{"start":{"line":34,"column":0},"end":{"line":38,"column":2}}},"fnMap":{"0":{"name":"validateCustomer","decl":{"start":{"line":23,"column":9},"end":{"line":23,"column":25}},"loc":{"start":{"line":23,"column":36},"end":{"line":31,"column":1}},"line":23}},"branchMap":{},"s":{"0":2,"1":2,"2":2,"3":2,"4":0,"5":0,"6":2},"f":{"0":0},"b":{},"_coverageSchema":"43e27e138ebf9cfc5966b082cf9a028302ed4184","hash":"0ccd326d6c773bddab1ae39bf1cdbbeea235a2e2"}
,"C:\\xampp\\htdocs\\node\\node-mango\\models\\genres.js": {"path":"C:\\xampp\\htdocs\\node\\node-mango\\models\\genres.js","statementMap":{"0":{"start":{"line":1,"column":17},"end":{"line":1,"column":36}},"1":{"start":{"line":2,"column":12},"end":{"line":2,"column":26}},"2":{"start":{"line":4,"column":21},"end":{"line":11,"column":2}},"3":{"start":{"line":13,"column":15},"end":{"line":13,"column":57}},"4":{"start":{"line":16,"column":22},"end":{"line":18,"column":5}},"5":{"start":{"line":20,"column":4},"end":{"line":20,"column":42}},"6":{"start":{"line":23,"column":0},"end":{"line":27,"column":2}}},"fnMap":{"0":{"name":"validateGenre","decl":{"start":{"line":15,"column":9},"end":{"line":15,"column":22}},"loc":{"start":{"line":15,"column":30},"end":{"line":21,"column":1}},"line":15}},"branchMap":{},"s":{"0":2,"1":2,"2":2,"3":2,"4":5,"5":5,"6":2},"f":{"0":5},"b":{},"_coverageSchema":"43e27e138ebf9cfc5966b082cf9a028302ed4184","hash":"57c75a5ec1028b3268e493a5837b3e916e51b51a"}
,"C:\\xampp\\htdocs\\node\\node-mango\\models\\movies.js": {"path":"C:\\xampp\\htdocs\\node\\node-mango\\models\\movies.js","statementMap":{"0":{"start":{"line":1,"column":17},"end":{"line":1,"column":36}},"1":{"start":{"line":2,"column":20},"end":{"line":2,"column":46}},"2":{"start":{"line":3,"column":12},"end":{"line":3,"column":26}},"3":{"start":{"line":5,"column":18},"end":{"line":5,"column":20}},"4":{"start":{"line":6,"column":18},"end":{"line":6,"column":19}},"5":{"start":{"line":7,"column":24},"end":{"line":7,"column":27}},"6":{"start":{"line":9,"column":21},"end":{"line":33,"column":2}},"7":{"start":{"line":35,"column":15},"end":{"line":35,"column":57}},"8":{"start":{"line":38,"column":19},"end":{"line":43,"column":5}},"9":{"start":{"line":45,"column":4},"end":{"line":45,"column":39}},"10":{"start":{"line":48,"column":0},"end":{"line":52,"column":2}}},"fnMap":{"0":{"name":"validateMovie","decl":{"start":{"line":37,"column":9},"end":{"line":37,"column":22}},"loc":{"start":{"line":37,"column":30},"end":{"line":46,"column":1}},"line":37}},"branchMap":{},"s":{"0":2,"1":2,"2":2,"3":2,"4":2,"5":2,"6":2,"7":2,"8":0,"9":0,"10":2},"f":{"0":0},"b":{},"_coverageSchema":"43e27e138ebf9cfc5966b082cf9a028302ed4184","hash":"b3dbbad31b24773641d359b2cc2824e334e444f5"}
,"C:\\xampp\\htdocs\\node\\node-mango\\models\\rentals.js": {"path":"C:\\xampp\\htdocs\\node\\node-mango\\models\\rentals.js","statementMap":{"0":{"start":{"line":1,"column":17},"end":{"line":1,"column":36}},"1":{"start":{"line":2,"column":12},"end":{"line":2,"column":26}},"2":{"start":{"line":4,"column":18},"end":{"line":4,"column":20}},"3":{"start":{"line":5,"column":18},"end":{"line":5,"column":19}},"4":{"start":{"line":6,"column":24},"end":{"line":6,"column":27}},"5":{"start":{"line":8,"column":21},"end":{"line":59,"column":2}},"6":{"start":{"line":61,"column":16},"end":{"line":61,"column":59}},"7":{"start":{"line":64,"column":19},"end":{"line":67,"column":5}},"8":{"start":{"line":69,"column":4},"end":{"line":69,"column":40}},"9":{"start":{"line":72,"column":0},"end":{"line":76,"column":2}}},"fnMap":{"0":{"name":"validateRental","decl":{"start":{"line":63,"column":9},"end":{"line":63,"column":23}},"loc":{"start":{"line":63,"column":32},"end":{"line":70,"column":1}},"line":63}},"branchMap":{},"s":{"0":2,"1":2,"2":2,"3":2,"4":2,"5":2,"6":2,"7":0,"8":0,"9":2},"f":{"0":0},"b":{},"_coverageSchema":"43e27e138ebf9cfc5966b082cf9a028302ed4184","hash":"d522da398ed1d7dddbe24ebc957f9e61425e67b7"}
,"C:\\xampp\\htdocs\\node\\node-mango\\models\\users.js": {"path":"C:\\xampp\\htdocs\\node\\node-mango\\models\\users.js","statementMap":{"0":{"start":{"line":1,"column":17},"end":{"line":1,"column":36}},"1":{"start":{"line":2,"column":12},"end":{"line":2,"column":26}},"2":{"start":{"line":3,"column":15},"end":{"line":3,"column":32}},"3":{"start":{"line":4,"column":12},"end":{"line":4,"column":35}},"4":{"start":{"line":6,"column":19},"end":{"line":6,"column":66}},"5":{"start":{"line":8,"column":22},"end":{"line":8,"column":55}},"6":{"start":{"line":8,"column":33},"end":{"line":8,"column":55}},"7":{"start":{"line":11,"column":15},"end":{"line":32,"column":2}},"8":{"start":{"line":34,"column":0},"end":{"line":41,"column":2}},"9":{"start":{"line":35,"column":4},"end":{"line":40,"column":37}},"10":{"start":{"line":43,"column":14},"end":{"line":43,"column":49}},"11":{"start":{"line":46,"column":19},"end":{"line":50,"column":5}},"12":{"start":{"line":52,"column":4},"end":{"line":52,"column":38}},"13":{"start":{"line":55,"column":0},"end":{"line":60,"column":2}}},"fnMap":{"0":{"name":"(anonymous_0)","decl":{"start":{"line":8,"column":22},"end":{"line":8,"column":23}},"loc":{"start":{"line":8,"column":33},"end":{"line":8,"column":55}},"line":8},"1":{"name":"(anonymous_1)","decl":{"start":{"line":34,"column":35},"end":{"line":34,"column":36}},"loc":{"start":{"line":34,"column":47},"end":{"line":41,"column":1}},"line":34},"2":{"name":"validation","decl":{"start":{"line":45,"column":9},"end":{"line":45,"column":19}},"loc":{"start":{"line":45,"column":26},"end":{"line":53,"column":1}},"line":45}},"branchMap":{},"s":{"0":3,"1":3,"2":3,"3":3,"4":3,"5":3,"6":0,"7":3,"8":3,"9":12,"10":3,"11":0,"12":0,"13":3},"f":{"0":0,"1":12,"2":0},"b":{},"_coverageSchema":"43e27e138ebf9cfc5966b082cf9a028302ed4184","hash":"88dc3fb227a4cfaeaf78721e38112b49eb775d4c"}
,"C:\\xampp\\htdocs\\node\\node-mango\\routes\\auth.js": {"path":"C:\\xampp\\htdocs\\node\\node-mango\\routes\\auth.js","statementMap":{"0":{"start":{"line":1,"column":16},"end":{"line":1,"column":34}},"1":{"start":{"line":2,"column":12},"end":{"line":2,"column":26}},"2":{"start":{"line":4,"column":24},"end":{"line":4,"column":45}},"3":{"start":{"line":6,"column":30},"end":{"line":6,"column":56}},"4":{"start":{"line":7,"column":15},"end":{"line":7,"column":31}},"5":{"start":{"line":9,"column":0},"end":{"line":29,"column":3}},"6":{"start":{"line":11,"column":22},"end":{"line":11,"column":40}},"7":{"start":{"line":12,"column":4},"end":{"line":12,"column":71}},"8":{"start":{"line":12,"column":15},"end":{"line":12,"column":71}},"9":{"start":{"line":14,"column":4},"end":{"line":27,"column":5}},"10":{"start":{"line":15,"column":36},"end":{"line":15,"column":44}},"11":{"start":{"line":16,"column":21},"end":{"line":16,"column":51}},"12":{"start":{"line":17,"column":8},"end":{"line":17,"column":76}},"13":{"start":{"line":17,"column":19},"end":{"line":17,"column":76}},"14":{"start":{"line":19,"column":28},"end":{"line":19,"column":70}},"15":{"start":{"line":20,"column":8},"end":{"line":20,"column":83}},"16":{"start":{"line":20,"column":26},"end":{"line":20,"column":83}},"17":{"start":{"line":22,"column":22},"end":{"line":22,"column":46}},"18":{"start":{"line":23,"column":8},"end":{"line":23,"column":24}},"19":{"start":{"line":26,"column":8},"end":{"line":26,"column":39}},"20":{"start":{"line":32,"column":19},"end":{"line":35,"column":5}},"21":{"start":{"line":37,"column":4},"end":{"line":37,"column":37}},"22":{"start":{"line":41,"column":0},"end":{"line":41,"column":24}}},"fnMap":{"0":{"name":"(anonymous_0)","decl":{"start":{"line":9,"column":17},"end":{"line":9,"column":18}},"loc":{"start":{"line":9,"column":37},"end":{"line":29,"column":1}},"line":9},"1":{"name":"validate","decl":{"start":{"line":31,"column":9},"end":{"line":31,"column":17}},"loc":{"start":{"line":31,"column":23},"end":{"line":38,"column":1}},"line":31}},"branchMap":{"0":{"loc":{"start":{"line":12,"column":4},"end":{"line":12,"column":71}},"type":"if","locations":[{"start":{"line":12,"column":4},"end":{"line":12,"column":71}},{"start":{"line":12,"column":4},"end":{"line":12,"column":71}}],"line":12},"1":{"loc":{"start":{"line":17,"column":8},"end":{"line":17,"column":76}},"type":"if","locations":[{"start":{"line":17,"column":8},"end":{"line":17,"column":76}},{"start":{"line":17,"column":8},"end":{"line":17,"column":76}}],"line":17},"2":{"loc":{"start":{"line":20,"column":8},"end":{"line":20,"column":83}},"type":"if","locations":[{"start":{"line":20,"column":8},"end":{"line":20,"column":83}},{"start":{"line":20,"column":8},"end":{"line":20,"column":83}}],"line":20}},"s":{"0":2,"1":2,"2":2,"3":2,"4":2,"5":2,"6":0,"7":0,"8":0,"9":0,"10":0,"11":0,"12":0,"13":0,"14":0,"15":0,"16":0,"17":0,"18":0,"19":0,"20":0,"21":0,"22":2},"f":{"0":0,"1":0},"b":{"0":[0,0],"1":[0,0],"2":[0,0]},"_coverageSchema":"43e27e138ebf9cfc5966b082cf9a028302ed4184","hash":"53e0367b780410b58b4119509c538732abb6d951"}
,"C:\\xampp\\htdocs\\node\\node-mango\\routes\\customers.js": {"path":"C:\\xampp\\htdocs\\node\\node-mango\\routes\\customers.js","statementMap":{"0":{"start":{"line":1,"column":16},"end":{"line":1,"column":34}},"1":{"start":{"line":3,"column":38},"end":{"line":3,"column":68}},"2":{"start":{"line":5,"column":15},"end":{"line":5,"column":31}},"3":{"start":{"line":8,"column":0},"end":{"line":11,"column":3}},"4":{"start":{"line":9,"column":22},"end":{"line":9,"column":44}},"5":{"start":{"line":10,"column":4},"end":{"line":10,"column":24}},"6":{"start":{"line":13,"column":0},"end":{"line":24,"column":3}},"7":{"start":{"line":14,"column":20},"end":{"line":14,"column":46}},"8":{"start":{"line":15,"column":4},"end":{"line":15,"column":69}},"9":{"start":{"line":15,"column":15},"end":{"line":15,"column":69}},"10":{"start":{"line":17,"column":21},"end":{"line":17,"column":105}},"11":{"start":{"line":18,"column":4},"end":{"line":23,"column":5}},"12":{"start":{"line":19,"column":23},"end":{"line":19,"column":44}},"13":{"start":{"line":20,"column":8},"end":{"line":20,"column":25}},"14":{"start":{"line":22,"column":8},"end":{"line":22,"column":28}},"15":{"start":{"line":26,"column":0},"end":{"line":43,"column":3}},"16":{"start":{"line":27,"column":20},"end":{"line":27,"column":46}},"17":{"start":{"line":28,"column":4},"end":{"line":28,"column":69}},"18":{"start":{"line":28,"column":15},"end":{"line":28,"column":69}},"19":{"start":{"line":30,"column":22},"end":{"line":30,"column":24}},"20":{"start":{"line":31,"column":4},"end":{"line":31,"column":54}},"21":{"start":{"line":31,"column":23},"end":{"line":31,"column":54}},"22":{"start":{"line":32,"column":4},"end":{"line":32,"column":60}},"23":{"start":{"line":32,"column":25},"end":{"line":32,"column":60}},"24":{"start":{"line":33,"column":4},"end":{"line":33,"column":57}},"25":{"start":{"line":33,"column":24},"end":{"line":33,"column":57}},"26":{"start":{"line":35,"column":4},"end":{"line":42,"column":5}},"27":{"start":{"line":36,"column":23},"end":{"line":38,"column":10}},"28":{"start":{"line":39,"column":8},"end":{"line":39,"column":25}},"29":{"start":{"line":41,"column":8},"end":{"line":41,"column":28}},"30":{"start":{"line":45,"column":0},"end":{"line":52,"column":3}},"31":{"start":{"line":46,"column":4},"end":{"line":51,"column":5}},"32":{"start":{"line":47,"column":23},"end":{"line":47,"column":70}},"33":{"start":{"line":48,"column":8},"end":{"line":48,"column":24}},"34":{"start":{"line":50,"column":8},"end":{"line":50,"column":27}},"35":{"start":{"line":54,"column":0},"end":{"line":61,"column":3}},"36":{"start":{"line":55,"column":4},"end":{"line":60,"column":5}},"37":{"start":{"line":56,"column":25},"end":{"line":56,"column":70}},"38":{"start":{"line":57,"column":8},"end":{"line":57,"column":27}},"39":{"start":{"line":59,"column":8},"end":{"line":59,"column":27}},"40":{"start":{"line":64,"column":0},"end":{"line":64,"column":24}}},"fnMap":{"0":{"name":"(anonymous_0)","decl":{"start":{"line":8,"column":16},"end":{"line":8,"column":17}},"loc":{"start":{"line":8,"column":36},"end":{"line":11,"column":1}},"line":8},"1":{"name":"(anonymous_1)","decl":{"start":{"line":13,"column":17},"end":{"line":13,"column":18}},"loc":{"start":{"line":13,"column":37},"end":{"line":24,"column":1}},"line":13},"2":{"name":"(anonymous_2)","decl":{"start":{"line":26,"column":19},"end":{"line":26,"column":20}},"loc":{"start":{"line":26,"column":39},"end":{"line":43,"column":1}},"line":26},"3":{"name":"(anonymous_3)","decl":{"start":{"line":45,"column":22},"end":{"line":45,"column":23}},"loc":{"start":{"line":45,"column":42},"end":{"line":52,"column":1}},"line":45},"4":{"name":"(anonymous_4)","decl":{"start":{"line":54,"column":19},"end":{"line":54,"column":20}},"loc":{"start":{"line":54,"column":39},"end":{"line":61,"column":1}},"line":54}},"branchMap":{"0":{"loc":{"start":{"line":15,"column":4},"end":{"line":15,"column":69}},"type":"if","locations":[{"start":{"line":15,"column":4},"end":{"line":15,"column":69}},{"start":{"line":15,"column":4},"end":{"line":15,"column":69}}],"line":15},"1":{"loc":{"start":{"line":28,"column":4},"end":{"line":28,"column":69}},"type":"if","locations":[{"start":{"line":28,"column":4},"end":{"line":28,"column":69}},{"start":{"line":28,"column":4},"end":{"line":28,"column":69}}],"line":28},"2":{"loc":{"start":{"line":31,"column":4},"end":{"line":31,"column":54}},"type":"if","locations":[{"start":{"line":31,"column":4},"end":{"line":31,"column":54}},{"start":{"line":31,"column":4},"end":{"line":31,"column":54}}],"line":31},"3":{"loc":{"start":{"line":32,"column":4},"end":{"line":32,"column":60}},"type":"if","locations":[{"start":{"line":32,"column":4},"end":{"line":32,"column":60}},{"start":{"line":32,"column":4},"end":{"line":32,"column":60}}],"line":32},"4":{"loc":{"start":{"line":33,"column":4},"end":{"line":33,"column":57}},"type":"if","locations":[{"start":{"line":33,"column":4},"end":{"line":33,"column":57}},{"start":{"line":33,"column":4},"end":{"line":33,"column":57}}],"line":33}},"s":{"0":2,"1":2,"2":2,"3":2,"4":0,"5":0,"6":2,"7":0,"8":0,"9":0,"10":0,"11":0,"12":0,"13":0,"14":0,"15":2,"16":0,"17":0,"18":0,"19":0,"20":0,"21":0,"22":0,"23":0,"24":0,"25":0,"26":0,"27":0,"28":0,"29":0,"30":2,"31":0,"32":0,"33":0,"34":0,"35":2,"36":0,"37":0,"38":0,"39":0,"40":2},"f":{"0":0,"1":0,"2":0,"3":0,"4":0},"b":{"0":[0,0],"1":[0,0],"2":[0,0],"3":[0,0],"4":[0,0]},"_coverageSchema":"43e27e138ebf9cfc5966b082cf9a028302ed4184","hash":"2ca4b7493ecfc00d0c13763b509ed5ce70004837"}
,"C:\\xampp\\htdocs\\node\\node-mango\\routes\\genres.js": {"path":"C:\\xampp\\htdocs\\node\\node-mango\\routes\\genres.js","statementMap":{"0":{"start":{"line":1,"column":16},"end":{"line":1,"column":34}},"1":{"start":{"line":2,"column":25},"end":{"line":2,"column":66}},"2":{"start":{"line":3,"column":30},"end":{"line":3,"column":57}},"3":{"start":{"line":4,"column":20},"end":{"line":4,"column":49}},"4":{"start":{"line":5,"column":16},"end":{"line":5,"column":46}},"5":{"start":{"line":6,"column":15},"end":{"line":6,"column":31}},"6":{"start":{"line":8,"column":0},"end":{"line":12,"column":3}},"7":{"start":{"line":9,"column":19},"end":{"line":9,"column":37}},"8":{"start":{"line":10,"column":4},"end":{"line":10,"column":21}},"9":{"start":{"line":14,"column":0},"end":{"line":23,"column":3}},"10":{"start":{"line":15,"column":22},"end":{"line":15,"column":42}},"11":{"start":{"line":16,"column":4},"end":{"line":16,"column":71}},"12":{"start":{"line":16,"column":15},"end":{"line":16,"column":71}},"13":{"start":{"line":18,"column":18},"end":{"line":18,"column":52}},"14":{"start":{"line":20,"column":19},"end":{"line":20,"column":37}},"15":{"start":{"line":21,"column":4},"end":{"line":21,"column":21}},"16":{"start":{"line":25,"column":0},"end":{"line":37,"column":3}},"17":{"start":{"line":26,"column":22},"end":{"line":26,"column":42}},"18":{"start":{"line":27,"column":4},"end":{"line":27,"column":71}},"19":{"start":{"line":27,"column":15},"end":{"line":27,"column":71}},"20":{"start":{"line":30,"column":19},"end":{"line":34,"column":6}},"21":{"start":{"line":35,"column":4},"end":{"line":35,"column":21}},"22":{"start":{"line":39,"column":0},"end":{"line":44,"column":3}},"23":{"start":{"line":41,"column":19},"end":{"line":41,"column":64}},"24":{"start":{"line":42,"column":4},"end":{"line":42,"column":20}},"25":{"start":{"line":46,"column":0},"end":{"line":52,"column":3}},"26":{"start":{"line":48,"column":18},"end":{"line":48,"column":53}},"27":{"start":{"line":49,"column":4},"end":{"line":49,"column":88}},"28":{"start":{"line":49,"column":16},"end":{"line":49,"column":88}},"29":{"start":{"line":50,"column":4},"end":{"line":50,"column":20}},"30":{"start":{"line":54,"column":0},"end":{"line":54,"column":24}}},"fnMap":{"0":{"name":"(anonymous_0)","decl":{"start":{"line":8,"column":16},"end":{"line":8,"column":17}},"loc":{"start":{"line":8,"column":36},"end":{"line":12,"column":1}},"line":8},"1":{"name":"(anonymous_1)","decl":{"start":{"line":14,"column":30},"end":{"line":14,"column":31}},"loc":{"start":{"line":14,"column":50},"end":{"line":23,"column":1}},"line":14},"2":{"name":"(anonymous_2)","decl":{"start":{"line":25,"column":19},"end":{"line":25,"column":20}},"loc":{"start":{"line":25,"column":39},"end":{"line":37,"column":1}},"line":25},"3":{"name":"(anonymous_3)","decl":{"start":{"line":39,"column":48},"end":{"line":39,"column":49}},"loc":{"start":{"line":39,"column":68},"end":{"line":44,"column":1}},"line":39},"4":{"name":"(anonymous_4)","decl":{"start":{"line":46,"column":37},"end":{"line":46,"column":38}},"loc":{"start":{"line":46,"column":57},"end":{"line":52,"column":1}},"line":46}},"branchMap":{"0":{"loc":{"start":{"line":16,"column":4},"end":{"line":16,"column":71}},"type":"if","locations":[{"start":{"line":16,"column":4},"end":{"line":16,"column":71}},{"start":{"line":16,"column":4},"end":{"line":16,"column":71}}],"line":16},"1":{"loc":{"start":{"line":27,"column":4},"end":{"line":27,"column":71}},"type":"if","locations":[{"start":{"line":27,"column":4},"end":{"line":27,"column":71}},{"start":{"line":27,"column":4},"end":{"line":27,"column":71}}],"line":27},"2":{"loc":{"start":{"line":49,"column":4},"end":{"line":49,"column":88}},"type":"if","locations":[{"start":{"line":49,"column":4},"end":{"line":49,"column":88}},{"start":{"line":49,"column":4},"end":{"line":49,"column":88}}],"line":49}},"s":{"0":2,"1":2,"2":2,"3":2,"4":2,"5":2,"6":2,"7":1,"8":1,"9":2,"10":5,"11":5,"12":2,"13":3,"14":3,"15":3,"16":2,"17":0,"18":0,"19":0,"20":0,"21":0,"22":2,"23":0,"24":0,"25":2,"26":1,"27":1,"28":0,"29":1,"30":2},"f":{"0":1,"1":5,"2":0,"3":0,"4":1},"b":{"0":[2,3],"1":[0,0],"2":[0,1]},"_coverageSchema":"43e27e138ebf9cfc5966b082cf9a028302ed4184","hash":"8c30bef6a5c5686749d0b4a89b655b63e1a31cdc"}
,"C:\\xampp\\htdocs\\node\\node-mango\\routes\\movies.js": {"path":"C:\\xampp\\htdocs\\node\\node-mango\\routes\\movies.js","statementMap":{"0":{"start":{"line":1,"column":16},"end":{"line":1,"column":34}},"1":{"start":{"line":3,"column":30},"end":{"line":3,"column":57}},"2":{"start":{"line":4,"column":19},"end":{"line":4,"column":52}},"3":{"start":{"line":5,"column":15},"end":{"line":5,"column":31}},"4":{"start":{"line":7,"column":0},"end":{"line":10,"column":3}},"5":{"start":{"line":8,"column":19},"end":{"line":8,"column":37}},"6":{"start":{"line":9,"column":4},"end":{"line":9,"column":21}},"7":{"start":{"line":12,"column":0},"end":{"line":38,"column":3}},"8":{"start":{"line":15,"column":22},"end":{"line":15,"column":42}},"9":{"start":{"line":16,"column":4},"end":{"line":16,"column":71}},"10":{"start":{"line":16,"column":15},"end":{"line":16,"column":71}},"11":{"start":{"line":18,"column":63},"end":{"line":18,"column":71}},"12":{"start":{"line":20,"column":4},"end":{"line":20,"column":47}},"13":{"start":{"line":21,"column":4},"end":{"line":21,"column":61}},"14":{"start":{"line":21,"column":16},"end":{"line":21,"column":61}},"15":{"start":{"line":23,"column":18},"end":{"line":31,"column":6}},"16":{"start":{"line":32,"column":4},"end":{"line":37,"column":5}},"17":{"start":{"line":33,"column":23},"end":{"line":33,"column":41}},"18":{"start":{"line":34,"column":8},"end":{"line":34,"column":25}},"19":{"start":{"line":36,"column":8},"end":{"line":36,"column":28}},"20":{"start":{"line":40,"column":0},"end":{"line":54,"column":3}},"21":{"start":{"line":41,"column":22},"end":{"line":41,"column":42}},"22":{"start":{"line":42,"column":4},"end":{"line":42,"column":71}},"23":{"start":{"line":42,"column":15},"end":{"line":42,"column":71}},"24":{"start":{"line":44,"column":4},"end":{"line":53,"column":5}},"25":{"start":{"line":45,"column":23},"end":{"line":49,"column":10}},"26":{"start":{"line":50,"column":8},"end":{"line":50,"column":25}},"27":{"start":{"line":52,"column":8},"end":{"line":52,"column":28}},"28":{"start":{"line":56,"column":0},"end":{"line":63,"column":3}},"29":{"start":{"line":57,"column":4},"end":{"line":62,"column":5}},"30":{"start":{"line":58,"column":23},"end":{"line":58,"column":68}},"31":{"start":{"line":59,"column":8},"end":{"line":59,"column":24}},"32":{"start":{"line":61,"column":8},"end":{"line":61,"column":27}},"33":{"start":{"line":65,"column":0},"end":{"line":72,"column":3}},"34":{"start":{"line":66,"column":4},"end":{"line":71,"column":5}},"35":{"start":{"line":67,"column":22},"end":{"line":67,"column":65}},"36":{"start":{"line":68,"column":8},"end":{"line":68,"column":24}},"37":{"start":{"line":70,"column":8},"end":{"line":70,"column":27}},"38":{"start":{"line":74,"column":0},"end":{"line":74,"column":24}}},"fnMap":{"0":{"name":"(anonymous_0)","decl":{"start":{"line":7,"column":16},"end":{"line":7,"column":17}},"loc":{"start":{"line":7,"column":36},"end":{"line":10,"column":1}},"line":7},"1":{"name":"(anonymous_1)","decl":{"start":{"line":12,"column":17},"end":{"line":12,"column":18}},"loc":{"start":{"line":12,"column":37},"end":{"line":38,"column":1}},"line":12},"2":{"name":"(anonymous_2)","decl":{"start":{"line":40,"column":19},"end":{"line":40,"column":20}},"loc":{"start":{"line":40,"column":39},"end":{"line":54,"column":1}},"line":40},"3":{"name":"(anonymous_3)","decl":{"start":{"line":56,"column":22},"end":{"line":56,"column":23}},"loc":{"start":{"line":56,"column":42},"end":{"line":63,"column":1}},"line":56},"4":{"name":"(anonymous_4)","decl":{"start":{"line":65,"column":19},"end":{"line":65,"column":20}},"loc":{"start":{"line":65,"column":39},"end":{"line":72,"column":1}},"line":65}},"branchMap":{"0":{"loc":{"start":{"line":16,"column":4},"end":{"line":16,"column":71}},"type":"if","locations":[{"start":{"line":16,"column":4},"end":{"line":16,"column":71}},{"start":{"line":16,"column":4},"end":{"line":16,"column":71}}],"line":16},"1":{"loc":{"start":{"line":21,"column":4},"end":{"line":21,"column":61}},"type":"if","locations":[{"start":{"line":21,"column":4},"end":{"line":21,"column":61}},{"start":{"line":21,"column":4},"end":{"line":21,"column":61}}],"line":21},"2":{"loc":{"start":{"line":42,"column":4},"end":{"line":42,"column":71}},"type":"if","locations":[{"start":{"line":42,"column":4},"end":{"line":42,"column":71}},{"start":{"line":42,"column":4},"end":{"line":42,"column":71}}],"line":42}},"s":{"0":2,"1":2,"2":2,"3":2,"4":2,"5":0,"6":0,"7":2,"8":0,"9":0,"10":0,"11":0,"12":0,"13":0,"14":0,"15":0,"16":0,"17":0,"18":0,"19":0,"20":2,"21":0,"22":0,"23":0,"24":0,"25":0,"26":0,"27":0,"28":2,"29":0,"30":0,"31":0,"32":0,"33":2,"34":0,"35":0,"36":0,"37":0,"38":2},"f":{"0":0,"1":0,"2":0,"3":0,"4":0},"b":{"0":[0,0],"1":[0,0],"2":[0,0]},"_coverageSchema":"43e27e138ebf9cfc5966b082cf9a028302ed4184","hash":"d2ec8f57b48a250435b539d0a1c5594d520726d0"}
,"C:\\xampp\\htdocs\\node\\node-mango\\routes\\rentals.js": {"path":"C:\\xampp\\htdocs\\node\\node-mango\\routes\\rentals.js","statementMap":{"0":{"start":{"line":1,"column":16},"end":{"line":1,"column":34}},"1":{"start":{"line":2,"column":13},"end":{"line":2,"column":28}},"2":{"start":{"line":3,"column":17},"end":{"line":3,"column":36}},"3":{"start":{"line":5,"column":30},"end":{"line":5,"column":58}},"4":{"start":{"line":6,"column":17},"end":{"line":6,"column":57}},"5":{"start":{"line":7,"column":14},"end":{"line":7,"column":47}},"6":{"start":{"line":9,"column":0},"end":{"line":9,"column":20}},"7":{"start":{"line":10,"column":15},"end":{"line":10,"column":31}},"8":{"start":{"line":12,"column":0},"end":{"line":56,"column":3}},"9":{"start":{"line":15,"column":22},"end":{"line":15,"column":42}},"10":{"start":{"line":16,"column":4},"end":{"line":16,"column":71}},"11":{"start":{"line":16,"column":15},"end":{"line":16,"column":71}},"12":{"start":{"line":18,"column":36},"end":{"line":18,"column":44}},"13":{"start":{"line":21,"column":4},"end":{"line":54,"column":5}},"14":{"start":{"line":22,"column":8},"end":{"line":22,"column":55}},"15":{"start":{"line":23,"column":8},"end":{"line":23,"column":71}},"16":{"start":{"line":23,"column":23},"end":{"line":23,"column":71}},"17":{"start":{"line":25,"column":8},"end":{"line":25,"column":46}},"18":{"start":{"line":26,"column":8},"end":{"line":26,"column":65}},"19":{"start":{"line":26,"column":20},"end":{"line":26,"column":65}},"20":{"start":{"line":27,"column":8},"end":{"line":27,"column":88}},"21":{"start":{"line":27,"column":39},"end":{"line":27,"column":88}},"22":{"start":{"line":29,"column":23},"end":{"line":41,"column":10}},"23":{"start":{"line":43,"column":8},"end":{"line":48,"column":19}},"24":{"start":{"line":50,"column":8},"end":{"line":50,"column":24}},"25":{"start":{"line":53,"column":8},"end":{"line":53,"column":39}},"26":{"start":{"line":58,"column":0},"end":{"line":66,"column":3}},"27":{"start":{"line":59,"column":4},"end":{"line":64,"column":5}},"28":{"start":{"line":60,"column":24},"end":{"line":60,"column":59}},"29":{"start":{"line":61,"column":8},"end":{"line":61,"column":25}},"30":{"start":{"line":63,"column":8},"end":{"line":63,"column":27}},"31":{"start":{"line":69,"column":0},"end":{"line":69,"column":24}}},"fnMap":{"0":{"name":"(anonymous_0)","decl":{"start":{"line":12,"column":17},"end":{"line":12,"column":18}},"loc":{"start":{"line":12,"column":37},"end":{"line":56,"column":1}},"line":12},"1":{"name":"(anonymous_1)","decl":{"start":{"line":58,"column":16},"end":{"line":58,"column":17}},"loc":{"start":{"line":58,"column":36},"end":{"line":66,"column":1}},"line":58}},"branchMap":{"0":{"loc":{"start":{"line":16,"column":4},"end":{"line":16,"column":71}},"type":"if","locations":[{"start":{"line":16,"column":4},"end":{"line":16,"column":71}},{"start":{"line":16,"column":4},"end":{"line":16,"column":71}}],"line":16},"1":{"loc":{"start":{"line":23,"column":8},"end":{"line":23,"column":71}},"type":"if","locations":[{"start":{"line":23,"column":8},"end":{"line":23,"column":71}},{"start":{"line":23,"column":8},"end":{"line":23,"column":71}}],"line":23},"2":{"loc":{"start":{"line":26,"column":8},"end":{"line":26,"column":65}},"type":"if","locations":[{"start":{"line":26,"column":8},"end":{"line":26,"column":65}},{"start":{"line":26,"column":8},"end":{"line":26,"column":65}}],"line":26},"3":{"loc":{"start":{"line":27,"column":8},"end":{"line":27,"column":88}},"type":"if","locations":[{"start":{"line":27,"column":8},"end":{"line":27,"column":88}},{"start":{"line":27,"column":8},"end":{"line":27,"column":88}}],"line":27}},"s":{"0":2,"1":2,"2":2,"3":2,"4":2,"5":2,"6":2,"7":2,"8":2,"9":0,"10":0,"11":0,"12":0,"13":0,"14":0,"15":0,"16":0,"17":0,"18":0,"19":0,"20":0,"21":0,"22":0,"23":0,"24":0,"25":0,"26":2,"27":0,"28":0,"29":0,"30":0,"31":2},"f":{"0":0,"1":0},"b":{"0":[0,0],"1":[0,0],"2":[0,0],"3":[0,0]},"_coverageSchema":"43e27e138ebf9cfc5966b082cf9a028302ed4184","hash":"b9524a8cf3f81437fed4c0f2a6e9b41b49892c0b"}
,"C:\\xampp\\htdocs\\node\\node-mango\\routes\\users.js": {"path":"C:\\xampp\\htdocs\\node\\node-mango\\routes\\users.js","statementMap":{"0":{"start":{"line":1,"column":16},"end":{"line":1,"column":34}},"1":{"start":{"line":2,"column":17},"end":{"line":2,"column":34}},"2":{"start":{"line":4,"column":20},"end":{"line":4,"column":49}},"3":{"start":{"line":5,"column":17},"end":{"line":5,"column":38}},"4":{"start":{"line":6,"column":30},"end":{"line":6,"column":56}},"5":{"start":{"line":8,"column":15},"end":{"line":8,"column":31}},"6":{"start":{"line":10,"column":0},"end":{"line":28,"column":3}},"7":{"start":{"line":11,"column":22},"end":{"line":11,"column":42}},"8":{"start":{"line":12,"column":4},"end":{"line":12,"column":71}},"9":{"start":{"line":12,"column":15},"end":{"line":12,"column":71}},"10":{"start":{"line":14,"column":38},"end":{"line":14,"column":46}},"11":{"start":{"line":15,"column":29},"end":{"line":15,"column":59}},"12":{"start":{"line":16,"column":4},"end":{"line":16,"column":76}},"13":{"start":{"line":16,"column":26},"end":{"line":16,"column":76}},"14":{"start":{"line":18,"column":17},"end":{"line":22,"column":6}},"15":{"start":{"line":24,"column":4},"end":{"line":24,"column":22}},"16":{"start":{"line":25,"column":18},"end":{"line":25,"column":42}},"17":{"start":{"line":27,"column":4},"end":{"line":27,"column":83}},"18":{"start":{"line":30,"column":0},"end":{"line":35,"column":3}},"19":{"start":{"line":31,"column":17},"end":{"line":31,"column":71}},"20":{"start":{"line":32,"column":4},"end":{"line":32,"column":19}},"21":{"start":{"line":34,"column":4},"end":{"line":34,"column":35}},"22":{"start":{"line":37,"column":0},"end":{"line":37,"column":24}}},"fnMap":{"0":{"name":"(anonymous_0)","decl":{"start":{"line":10,"column":17},"end":{"line":10,"column":18}},"loc":{"start":{"line":10,"column":37},"end":{"line":28,"column":1}},"line":10},"1":{"name":"(anonymous_1)","decl":{"start":{"line":30,"column":31},"end":{"line":30,"column":32}},"loc":{"start":{"line":30,"column":51},"end":{"line":35,"column":1}},"line":30}},"branchMap":{"0":{"loc":{"start":{"line":12,"column":4},"end":{"line":12,"column":71}},"type":"if","locations":[{"start":{"line":12,"column":4},"end":{"line":12,"column":71}},{"start":{"line":12,"column":4},"end":{"line":12,"column":71}}],"line":12},"1":{"loc":{"start":{"line":16,"column":4},"end":{"line":16,"column":76}},"type":"if","locations":[{"start":{"line":16,"column":4},"end":{"line":16,"column":76}},{"start":{"line":16,"column":4},"end":{"line":16,"column":76}}],"line":16}},"s":{"0":2,"1":2,"2":2,"3":2,"4":2,"5":2,"6":2,"7":0,"8":0,"9":0,"10":0,"11":0,"12":0,"13":0,"14":0,"15":0,"16":0,"17":0,"18":2,"19":0,"20":0,"21":0,"22":2},"f":{"0":0,"1":0},"b":{"0":[0,0],"1":[0,0]},"_coverageSchema":"43e27e138ebf9cfc5966b082cf9a028302ed4184","hash":"995db33cb7a8cbaa4afad3bd9a4879017361a28a"}
,"C:\\xampp\\htdocs\\node\\node-mango\\startup\\config.js": {"path":"C:\\xampp\\htdocs\\node\\node-mango\\startup\\config.js","statementMap":{"0":{"start":{"line":1,"column":15},"end":{"line":1,"column":32}},"1":{"start":{"line":3,"column":0},"end":{"line":7,"column":2}},"2":{"start":{"line":4,"column":4},"end":{"line":6,"column":5}},"3":{"start":{"line":5,"column":8},"end":{"line":5,"column":69}}},"fnMap":{"0":{"name":"(anonymous_0)","decl":{"start":{"line":3,"column":17},"end":{"line":3,"column":18}},"loc":{"start":{"line":3,"column":23},"end":{"line":7,"column":1}},"line":3}},"branchMap":{"0":{"loc":{"start":{"line":4,"column":4},"end":{"line":6,"column":5}},"type":"if","locations":[{"start":{"line":4,"column":4},"end":{"line":6,"column":5}},{"start":{"line":4,"column":4},"end":{"line":6,"column":5}}],"line":4}},"s":{"0":2,"1":2,"2":2,"3":0},"f":{"0":2},"b":{"0":[0,2]},"_coverageSchema":"43e27e138ebf9cfc5966b082cf9a028302ed4184","hash":"e89c3699d5b912f8a8ad5ec41f87097a16f15422"}
,"C:\\xampp\\htdocs\\node\\node-mango\\startup\\logging.js": {"path":"C:\\xampp\\htdocs\\node\\node-mango\\startup\\logging.js","statementMap":{"0":{"start":{"line":1,"column":0},"end":{"line":1,"column":32}},"1":{"start":{"line":3,"column":0},"end":{"line":13,"column":2}},"2":{"start":{"line":4,"column":4},"end":{"line":7,"column":7}},"3":{"start":{"line":5,"column":8},"end":{"line":5,"column":36}},"4":{"start":{"line":6,"column":8},"end":{"line":6,"column":24}},"5":{"start":{"line":9,"column":4},"end":{"line":12,"column":7}},"6":{"start":{"line":10,"column":8},"end":{"line":10,"column":36}},"7":{"start":{"line":11,"column":8},"end":{"line":11,"column":24}}},"fnMap":{"0":{"name":"(anonymous_0)","decl":{"start":{"line":3,"column":17},"end":{"line":3,"column":18}},"loc":{"start":{"line":3,"column":23},"end":{"line":13,"column":1}},"line":3},"1":{"name":"(anonymous_1)","decl":{"start":{"line":4,"column":36},"end":{"line":4,"column":37}},"loc":{"start":{"line":4,"column":44},"end":{"line":7,"column":5}},"line":4},"2":{"name":"(anonymous_2)","decl":{"start":{"line":9,"column":37},"end":{"line":9,"column":38}},"loc":{"start":{"line":9,"column":45},"end":{"line":12,"column":5}},"line":9}},"branchMap":{},"s":{"0":2,"1":2,"2":2,"3":0,"4":0,"5":2,"6":0,"7":0},"f":{"0":2,"1":0,"2":0},"b":{},"_coverageSchema":"43e27e138ebf9cfc5966b082cf9a028302ed4184","hash":"8e7375164dae6e75d857fee74fa5cb8f52eb348d"}
,"C:\\xampp\\htdocs\\node\\node-mango\\startup\\routes.js": {"path":"C:\\xampp\\htdocs\\node\\node-mango\\startup\\routes.js","statementMap":{"0":{"start":{"line":1,"column":16},"end":{"line":1,"column":34}},"1":{"start":{"line":2,"column":15},"end":{"line":2,"column":42}},"2":{"start":{"line":3,"column":15},"end":{"line":3,"column":42}},"3":{"start":{"line":4,"column":18},"end":{"line":4,"column":48}},"4":{"start":{"line":5,"column":16},"end":{"line":5,"column":44}},"5":{"start":{"line":6,"column":14},"end":{"line":6,"column":40}},"6":{"start":{"line":7,"column":13},"end":{"line":7,"column":38}},"7":{"start":{"line":8,"column":14},"end":{"line":8,"column":44}},"8":{"start":{"line":10,"column":0},"end":{"line":19,"column":2}},"9":{"start":{"line":11,"column":4},"end":{"line":11,"column":28}},"10":{"start":{"line":12,"column":4},"end":{"line":12,"column":35}},"11":{"start":{"line":13,"column":4},"end":{"line":13,"column":35}},"12":{"start":{"line":14,"column":4},"end":{"line":14,"column":41}},"13":{"start":{"line":15,"column":4},"end":{"line":15,"column":37}},"14":{"start":{"line":16,"column":4},"end":{"line":16,"column":33}},"15":{"start":{"line":17,"column":4},"end":{"line":17,"column":31}},"16":{"start":{"line":18,"column":4},"end":{"line":18,"column":19}}},"fnMap":{"0":{"name":"(anonymous_0)","decl":{"start":{"line":10,"column":17},"end":{"line":10,"column":18}},"loc":{"start":{"line":10,"column":26},"end":{"line":19,"column":1}},"line":10}},"branchMap":{},"s":{"0":2,"1":2,"2":2,"3":2,"4":2,"5":2,"6":2,"7":2,"8":2,"9":2,"10":2,"11":2,"12":2,"13":2,"14":2,"15":2,"16":2},"f":{"0":2},"b":{},"_coverageSchema":"43e27e138ebf9cfc5966b082cf9a028302ed4184","hash":"780d7763d93b76aef1541a5d62d7e27b56a8aa8e"}
,"C:\\xampp\\htdocs\\node\\node-mango\\startup\\validation.js": {"path":"C:\\xampp\\htdocs\\node\\node-mango\\startup\\validation.js","statementMap":{"0":{"start":{"line":1,"column":12},"end":{"line":1,"column":26}},"1":{"start":{"line":3,"column":0},"end":{"line":5,"column":2}},"2":{"start":{"line":4,"column":4},"end":{"line":4,"column":48}}},"fnMap":{"0":{"name":"(anonymous_0)","decl":{"start":{"line":3,"column":17},"end":{"line":3,"column":18}},"loc":{"start":{"line":3,"column":23},"end":{"line":5,"column":1}},"line":3}},"branchMap":{},"s":{"0":2,"1":2,"2":2},"f":{"0":2},"b":{},"_coverageSchema":"43e27e138ebf9cfc5966b082cf9a028302ed4184","hash":"f957f17c46870b67c22b768a1cda3834b8393561"}
}
