TN:
SF:C:\xampp\htdocs\node\node-mango\index.js
FN:11,(anonymous_0)
FNF:1
FNH:1
FNDA:2,(anonymous_0)
DA:1,2
DA:2,2
DA:4,2
DA:5,2
DA:6,2
DA:7,2
DA:8,2
DA:10,2
DA:11,2
DA:13,2
LF:10
LH:10
BRDA:10,0,0,2
BRDA:10,0,1,2
BRF:2
BRH:2
end_of_record
TN:
SF:C:\xampp\htdocs\node\node-mango\db\db.js
FN:10,(anonymous_0)
FN:11,(anonymous_1)
FN:12,(anonymous_2)
FNF:3
FNH:2
FNDA:2,(anonymous_0)
FNDA:2,(anonymous_1)
FNDA:0,(anonymous_2)
DA:1,2
DA:2,2
DA:4,2
DA:10,2
DA:11,2
DA:12,0
DA:14,2
LF:7
LH:6
BRF:0
BRH:0
end_of_record
TN:
SF:C:\xampp\htdocs\node\node-mango\db\hash.js
FN:3,(anonymous_0)
FN:8,(anonymous_1)
FNF:2
FNH:0
FNDA:0,(anonymous_0)
FNDA:0,(anonymous_1)
DA:1,2
DA:3,2
DA:4,0
DA:5,0
DA:8,2
DA:10,2
LF:6
LH:4
BRF:0
BRH:0
end_of_record
TN:
SF:C:\xampp\htdocs\node\node-mango\middleware\admin.js
FN:1,(anonymous_0)
FNF:1
FNH:0
FNDA:0,(anonymous_0)
DA:1,2
DA:2,0
DA:3,0
DA:7,2
LF:4
LH:2
BRDA:2,0,0,0
BRDA:2,0,1,0
BRF:2
BRH:0
end_of_record
TN:
SF:C:\xampp\htdocs\node\node-mango\middleware\auth.js
FN:4,(anonymous_0)
FNF:1
FNH:1
FNDA:9,(anonymous_0)
DA:1,3
DA:2,3
DA:4,3
DA:5,9
DA:6,9
DA:8,7
DA:9,7
DA:10,6
DA:12,1
DA:16,3
LF:10
LH:10
BRDA:6,0,0,2
BRDA:6,0,1,7
BRF:2
BRH:2
end_of_record
TN:
SF:C:\xampp\htdocs\node\node-mango\middleware\error.js
FN:2,(anonymous_0)
FNF:1
FNH:0
FNDA:0,(anonymous_0)
DA:2,2
DA:3,0
DA:6,2
LF:3
LH:2
BRF:0
BRH:0
end_of_record
TN:
SF:C:\xampp\htdocs\node\node-mango\middleware\validateObjectId.js
FN:2,(anonymous_0)
FNF:1
FNH:1
FNDA:2,(anonymous_0)
DA:1,2
DA:2,2
DA:3,2
DA:4,1
DA:6,1
LF:5
LH:5
BRDA:3,0,0,1
BRDA:3,0,1,1
BRF:2
BRH:2
end_of_record
TN:
SF:C:\xampp\htdocs\node\node-mango\models\customers.js
FN:23,validateCustomer
FNF:1
FNH:0
FNDA:0,validateCustomer
DA:1,2
DA:2,2
DA:4,2
DA:21,2
DA:24,0
DA:30,0
DA:34,2
LF:7
LH:5
BRF:0
BRH:0
end_of_record
TN:
SF:C:\xampp\htdocs\node\node-mango\models\genres.js
FN:15,validateGenre
FNF:1
FNH:1
FNDA:5,validateGenre
DA:1,2
DA:2,2
DA:4,2
DA:13,2
DA:16,5
DA:20,5
DA:23,2
LF:7
LH:7
BRF:0
BRH:0
end_of_record
TN:
SF:C:\xampp\htdocs\node\node-mango\models\movies.js
FN:37,validateMovie
FNF:1
FNH:0
FNDA:0,validateMovie
DA:1,2
DA:2,2
DA:3,2
DA:5,2
DA:6,2
DA:7,2
DA:9,2
DA:35,2
DA:38,0
DA:45,0
DA:48,2
LF:11
LH:9
BRF:0
BRH:0
end_of_record
TN:
SF:C:\xampp\htdocs\node\node-mango\models\rentals.js
FN:63,validateRental
FNF:1
FNH:0
FNDA:0,validateRental
DA:1,2
DA:2,2
DA:4,2
DA:5,2
DA:6,2
DA:8,2
DA:61,2
DA:64,0
DA:69,0
DA:72,2
LF:10
LH:8
BRF:0
BRH:0
end_of_record
TN:
SF:C:\xampp\htdocs\node\node-mango\models\users.js
FN:8,(anonymous_0)
FN:34,(anonymous_1)
FN:45,validation
FNF:3
FNH:1
FNDA:0,(anonymous_0)
FNDA:12,(anonymous_1)
FNDA:0,validation
DA:1,3
DA:2,3
DA:3,3
DA:4,3
DA:6,3
DA:8,3
DA:11,3
DA:34,3
DA:35,12
DA:43,3
DA:46,0
DA:52,0
DA:55,3
LF:13
LH:11
BRF:0
BRH:0
end_of_record
TN:
SF:C:\xampp\htdocs\node\node-mango\routes\auth.js
FN:9,(anonymous_0)
FN:31,validate
FNF:2
FNH:0
FNDA:0,(anonymous_0)
FNDA:0,validate
DA:1,2
DA:2,2
DA:4,2
DA:6,2
DA:7,2
DA:9,2
DA:11,0
DA:12,0
DA:14,0
DA:15,0
DA:16,0
DA:17,0
DA:19,0
DA:20,0
DA:22,0
DA:23,0
DA:26,0
DA:32,0
DA:37,0
DA:41,2
LF:20
LH:7
BRDA:12,0,0,0
BRDA:12,0,1,0
BRDA:17,1,0,0
BRDA:17,1,1,0
BRDA:20,2,0,0
BRDA:20,2,1,0
BRF:6
BRH:0
end_of_record
TN:
SF:C:\xampp\htdocs\node\node-mango\routes\customers.js
FN:8,(anonymous_0)
FN:13,(anonymous_1)
FN:26,(anonymous_2)
FN:45,(anonymous_3)
FN:54,(anonymous_4)
FNF:5
FNH:0
FNDA:0,(anonymous_0)
FNDA:0,(anonymous_1)
FNDA:0,(anonymous_2)
FNDA:0,(anonymous_3)
FNDA:0,(anonymous_4)
DA:1,2
DA:3,2
DA:5,2
DA:8,2
DA:9,0
DA:10,0
DA:13,2
DA:14,0
DA:15,0
DA:17,0
DA:18,0
DA:19,0
DA:20,0
DA:22,0
DA:26,2
DA:27,0
DA:28,0
DA:30,0
DA:31,0
DA:32,0
DA:33,0
DA:35,0
DA:36,0
DA:39,0
DA:41,0
DA:45,2
DA:46,0
DA:47,0
DA:48,0
DA:50,0
DA:54,2
DA:55,0
DA:56,0
DA:57,0
DA:59,0
DA:64,2
LF:36
LH:9
BRDA:15,0,0,0
BRDA:15,0,1,0
BRDA:28,1,0,0
BRDA:28,1,1,0
BRDA:31,2,0,0
BRDA:31,2,1,0
BRDA:32,3,0,0
BRDA:32,3,1,0
BRDA:33,4,0,0
BRDA:33,4,1,0
BRF:10
BRH:0
end_of_record
TN:
SF:C:\xampp\htdocs\node\node-mango\routes\genres.js
FN:8,(anonymous_0)
FN:14,(anonymous_1)
FN:25,(anonymous_2)
FN:39,(anonymous_3)
FN:46,(anonymous_4)
FNF:5
FNH:3
FNDA:1,(anonymous_0)
FNDA:5,(anonymous_1)
FNDA:0,(anonymous_2)
FNDA:0,(anonymous_3)
FNDA:1,(anonymous_4)
DA:1,2
DA:2,2
DA:3,2
DA:4,2
DA:5,2
DA:6,2
DA:8,2
DA:9,1
DA:10,1
DA:14,2
DA:15,5
DA:16,5
DA:18,3
DA:20,3
DA:21,3
DA:25,2
DA:26,0
DA:27,0
DA:30,0
DA:35,0
DA:39,2
DA:41,0
DA:42,0
DA:46,2
DA:48,1
DA:49,1
DA:50,1
DA:54,2
LF:28
LH:22
BRDA:16,0,0,2
BRDA:16,0,1,3
BRDA:27,1,0,0
BRDA:27,1,1,0
BRDA:49,2,0,0
BRDA:49,2,1,1
BRF:6
BRH:3
end_of_record
TN:
SF:C:\xampp\htdocs\node\node-mango\routes\movies.js
FN:7,(anonymous_0)
FN:12,(anonymous_1)
FN:40,(anonymous_2)
FN:56,(anonymous_3)
FN:65,(anonymous_4)
FNF:5
FNH:0
FNDA:0,(anonymous_0)
FNDA:0,(anonymous_1)
FNDA:0,(anonymous_2)
FNDA:0,(anonymous_3)
FNDA:0,(anonymous_4)
DA:1,2
DA:3,2
DA:4,2
DA:5,2
DA:7,2
DA:8,0
DA:9,0
DA:12,2
DA:15,0
DA:16,0
DA:18,0
DA:20,0
DA:21,0
DA:23,0
DA:32,0
DA:33,0
DA:34,0
DA:36,0
DA:40,2
DA:41,0
DA:42,0
DA:44,0
DA:45,0
DA:50,0
DA:52,0
DA:56,2
DA:57,0
DA:58,0
DA:59,0
DA:61,0
DA:65,2
DA:66,0
DA:67,0
DA:68,0
DA:70,0
DA:74,2
LF:36
LH:10
BRDA:16,0,0,0
BRDA:16,0,1,0
BRDA:21,1,0,0
BRDA:21,1,1,0
BRDA:42,2,0,0
BRDA:42,2,1,0
BRF:6
BRH:0
end_of_record
TN:
SF:C:\xampp\htdocs\node\node-mango\routes\rentals.js
FN:12,(anonymous_0)
FN:58,(anonymous_1)
FNF:2
FNH:0
FNDA:0,(anonymous_0)
FNDA:0,(anonymous_1)
DA:1,2
DA:2,2
DA:3,2
DA:5,2
DA:6,2
DA:7,2
DA:9,2
DA:10,2
DA:12,2
DA:15,0
DA:16,0
DA:18,0
DA:21,0
DA:22,0
DA:23,0
DA:25,0
DA:26,0
DA:27,0
DA:29,0
DA:43,0
DA:50,0
DA:53,0
DA:58,2
DA:59,0
DA:60,0
DA:61,0
DA:63,0
DA:69,2
LF:28
LH:11
BRDA:16,0,0,0
BRDA:16,0,1,0
BRDA:23,1,0,0
BRDA:23,1,1,0
BRDA:26,2,0,0
BRDA:26,2,1,0
BRDA:27,3,0,0
BRDA:27,3,1,0
BRF:8
BRH:0
end_of_record
TN:
SF:C:\xampp\htdocs\node\node-mango\routes\users.js
FN:10,(anonymous_0)
FN:30,(anonymous_1)
FNF:2
FNH:0
FNDA:0,(anonymous_0)
FNDA:0,(anonymous_1)
DA:1,2
DA:2,2
DA:4,2
DA:5,2
DA:6,2
DA:8,2
DA:10,2
DA:11,0
DA:12,0
DA:14,0
DA:15,0
DA:16,0
DA:18,0
DA:24,0
DA:25,0
DA:27,0
DA:30,2
DA:31,0
DA:32,0
DA:34,0
DA:37,2
LF:21
LH:9
BRDA:12,0,0,0
BRDA:12,0,1,0
BRDA:16,1,0,0
BRDA:16,1,1,0
BRF:4
BRH:0
end_of_record
TN:
SF:C:\xampp\htdocs\node\node-mango\startup\config.js
FN:3,(anonymous_0)
FNF:1
FNH:1
FNDA:2,(anonymous_0)
DA:1,2
DA:3,2
DA:4,2
DA:5,0
LF:4
LH:3
BRDA:4,0,0,0
BRDA:4,0,1,2
BRF:2
BRH:1
end_of_record
TN:
SF:C:\xampp\htdocs\node\node-mango\startup\logging.js
FN:3,(anonymous_0)
FN:4,(anonymous_1)
FN:9,(anonymous_2)
FNF:3
FNH:1
FNDA:2,(anonymous_0)
FNDA:0,(anonymous_1)
FNDA:0,(anonymous_2)
DA:1,2
DA:3,2
DA:4,2
DA:5,0
DA:6,0
DA:9,2
DA:10,0
DA:11,0
LF:8
LH:4
BRF:0
BRH:0
end_of_record
TN:
SF:C:\xampp\htdocs\node\node-mango\startup\routes.js
FN:10,(anonymous_0)
FNF:1
FNH:1
FNDA:2,(anonymous_0)
DA:1,2
DA:2,2
DA:3,2
DA:4,2
DA:5,2
DA:6,2
DA:7,2
DA:8,2
DA:10,2
DA:11,2
DA:12,2
DA:13,2
DA:14,2
DA:15,2
DA:16,2
DA:17,2
DA:18,2
LF:17
LH:17
BRF:0
BRH:0
end_of_record
TN:
SF:C:\xampp\htdocs\node\node-mango\startup\validation.js
FN:3,(anonymous_0)
FNF:1
FNH:1
FNDA:2,(anonymous_0)
DA:1,2
DA:3,2
DA:4,2
LF:3
LH:3
BRF:0
BRH:0
end_of_record
